<?xml version="1.0" encoding="utf-8"?><testsuites name="pytest tests"><testsuite name="pytest" errors="0" failures="0" skipped="0" tests="19" time="5.875" timestamp="2026-06-21T15:42:19.294645+00:00" hostname="agent-env-74455794-29fb-4b48-8a75-4d57967af4a6"><testcase classname="backend.tests.backend_test" name="test_login_invalid" time="0.483" /><testcase classname="backend.tests.backend_test" name="test_me" time="0.620" /><testcase classname="backend.tests.backend_test" name="test_me_no_token" time="0.239" /><testcase classname="backend.tests.backend_test" name="test_create_customer" time="0.111" /><testcase classname="backend.tests.backend_test" name="test_list_customers" time="0.119" /><testcase classname="backend.tests.backend_test" name="test_create_batch" time="0.106" /><testcase classname="backend.tests.backend_test" name="test_list_batches" time="0.103" /><testcase classname="backend.tests.backend_test" name="test_create_poultry_sale" time="0.205" /><testcase classname="backend.tests.backend_test" name="test_create_poultry_expense" time="0.097" /><testcase classname="backend.tests.backend_test" name="test_create_tank" time="0.097" /><testcase classname="backend.tests.backend_test" name="test_tank_adjust" time="0.234" /><testcase classname="backend.tests.backend_test" name="test_create_lorry" time="0.108" /><testcase classname="backend.tests.backend_test" name="test_create_water_sale" time="0.111" /><testcase classname="backend.tests.backend_test" name="test_inventory_flow" time="0.437" /><testcase classname="backend.tests.backend_test" name="test_payment" time="0.222" /><testcase classname="backend.tests.backend_test" name="test_pnl" time="0.099" /><testcase classname="backend.tests.backend_test" name="test_dashboard" time="0.119" /><testcase classname="backend.tests.backend_test" name="test_rbac_farm_staff_cannot_create_customer" time="1.051" /><testcase classname="backend.tests.backend_test" name="test_rbac_driver_cannot_create_batch" time="1.051" /></testsuite></testsuites>